<?xml version="1.0" encoding="UTF-8"?>
<!-- Generated by org.testng.reporters.JUnitXMLReporter -->
<testsuite ignored="0" hostname="DESKTOP-VRKBUCK" failures="0" tests="8" name="Test" time="309.019" errors="0" timestamp="2024-09-06T21:12:38 IST">
  <testcase classname="Daszio.AmazonPurchase.AppTest" name="addCart" time="22.596"/>
  <testcase classname="Daszio.AmazonPurchase.AppTest" name="addCart" time="45.163"/>
  <testcase classname="Daszio.AmazonPurchase.AppTest" name="deleteItems" time="59.452"/>
  <testcase classname="Daszio.AmazonPurchase.AppTest" name="storeDataInExcel" time="76.886">
    <skipped/>
  </testcase> <!-- storeDataInExcel -->
  <testcase classname="Daszio.AmazonPurchase.AppTest" name="storeDataInExcel" time="24.514"/>
  <testcase classname="Daszio.AmazonPurchase.AppTest" name="storeDataInExcel" time="36.258"/>
  <testcase classname="Daszio.AmazonPurchase.ErrorValidation" name="wrongPassword" time="5.486"/>
  <testcase classname="Daszio.AmazonPurchase.ErrorValidation" name="wrongPhoneNo" time="5.239"/>
</testsuite> <!-- Test -->
