<?xml version="1.0" encoding="UTF-8"?>
<testng-results ignored="0" total="2" passed="2" failed="0" skipped="0">
  <reporter-output>
  </reporter-output>
  <suite started-at="2024-08-30T18:36:10 IST" name="Suite" finished-at="2024-08-30T18:37:57 IST" duration-ms="107024">
    <groups>
    </groups>
    <test started-at="2024-08-30T18:36:10 IST" name="Test" finished-at="2024-08-30T18:37:57 IST" duration-ms="107024">
      <class name="Daszio.AmazonPurchase.AppTest">
        <test-method is-config="true" signature="openBrowser()[pri:0, instance:Daszio.AmazonPurchase.AppTest@6f01b95f]" started-at="2024-08-30T18:36:10 IST" name="openBrowser" finished-at="2024-08-30T18:36:14 IST" duration-ms="4366" status="PASS">
          <reporter-output>
          </reporter-output>
        </test-method> <!-- openBrowser -->
        <test-method signature="addCart(java.util.HashMap)[pri:0, instance:Daszio.AmazonPurchase.AppTest@6f01b95f]" started-at="2024-08-30T18:36:14 IST" name="addCart" data-provider="testData" finished-at="2024-08-30T18:37:35 IST" duration-ms="80611" status="PASS">
          <params>
            <param index="0">
              <value>
                <![CDATA[{password=SANDZIO:;33333, search=shoes for men, product=Unisex-Child X , phone=7358618952, brand=adidas}]]>
              </value>
            </param>
          </params>
          <reporter-output>
          </reporter-output>
        </test-method> <!-- addCart -->
        <test-method is-config="true" signature="closeBrowser()[pri:0, instance:Daszio.AmazonPurchase.AppTest@6f01b95f]" started-at="2024-08-30T18:37:35 IST" name="closeBrowser" finished-at="2024-08-30T18:37:35 IST" duration-ms="227" status="PASS">
          <reporter-output>
          </reporter-output>
        </test-method> <!-- closeBrowser -->
        <test-method is-config="true" signature="openBrowser()[pri:0, instance:Daszio.AmazonPurchase.AppTest@6f01b95f]" started-at="2024-08-30T18:37:35 IST" name="openBrowser" finished-at="2024-08-30T18:37:39 IST" duration-ms="3676" status="PASS">
          <reporter-output>
          </reporter-output>
        </test-method> <!-- openBrowser -->
        <test-method signature="addCart(java.util.HashMap)[pri:0, instance:Daszio.AmazonPurchase.AppTest@6f01b95f]" started-at="2024-08-30T18:37:39 IST" name="addCart" data-provider="testData" finished-at="2024-08-30T18:37:57 IST" duration-ms="17732" status="PASS">
          <params>
            <param index="0">
              <value>
                <![CDATA[{password=SANDZIO:;33333, search=Mens shave, product=200ML, phone=7358618952, brand=Gillette}]]>
              </value>
            </param>
          </params>
          <reporter-output>
          </reporter-output>
        </test-method> <!-- addCart -->
        <test-method is-config="true" signature="closeBrowser()[pri:0, instance:Daszio.AmazonPurchase.AppTest@6f01b95f]" started-at="2024-08-30T18:37:57 IST" name="closeBrowser" finished-at="2024-08-30T18:37:57 IST" duration-ms="235" status="PASS">
          <reporter-output>
          </reporter-output>
        </test-method> <!-- closeBrowser -->
      </class> <!-- Daszio.AmazonPurchase.AppTest -->
    </test> <!-- Test -->
  </suite> <!-- Suite -->
</testng-results>
